<?xml version="1.0" encoding="UTF-8"?>
<!-- Generated by org.testng.reporters.JUnitXMLReporter -->
<testsuite ignored="1" hostname="DESKTOP-SIKMI5O" failures="0" tests="2" name="Surefire test" time="0.054" errors="0" timestamp="2024-12-16T12:41:52 IST">
  <testcase classname="TestNG.Script1Test" name="createProduct" time="0.004"/>
  <testcase classname="TestNG.Script1Test" name="modifyProduct" time="0.0"/>
  <testcase classname="TestNG.Script1Test" name="deleteProduct" time="0.0">
    <ignored/>
  </testcase> <!-- deleteProduct -->
</testsuite> <!-- Surefire test -->
