<?xml version="1.0" encoding="UTF-8"?>
<!-- Generated by org.testng.reporters.JUnitXMLReporter -->
<testsuite ignored="0" hostname="DESKTOP-SIKMI5O" failures="0" tests="3" name="Default test" time="94.295" errors="0" timestamp="2024-12-25T17:35:03 IST">
  <testcase classname="TestNG.DataProviderEx_02" name="createOrganization" time="59.948"/>
  <testcase classname="TestNG.DataProviderEx_02" name="createOrganization" time="17.562"/>
  <testcase classname="TestNG.DataProviderEx_02" name="createOrganization" time="16.717"/>
</testsuite> <!-- Default test -->
