<?xml version="1.0" encoding="UTF-8"?>
<testng-results ignored="0" total="1" passed="1" failed="0" skipped="0">
  <reporter-output>
  </reporter-output>
  <suite started-at="2024-12-14T12:19:49 IST" name="Default suite" finished-at="2024-12-14T12:20:03 IST" duration-ms="13713">
    <groups>
    </groups>
    <test started-at="2024-12-14T12:19:49 IST" name="Default test" finished-at="2024-12-14T12:20:03 IST" duration-ms="13713">
      <class name="DDT.Create_Campaign">
        <test-method is-config="true" signature="bs()[pri:0, instance:DDT.Create_Campaign@6989da5e]" started-at="2024-12-14T12:19:49 IST" name="bs" finished-at="2024-12-14T12:19:49 IST" duration-ms="12" status="PASS">
          <reporter-output>
          </reporter-output>
        </test-method> <!-- bs -->
        <test-method is-config="true" signature="bt()[pri:0, instance:DDT.Create_Campaign@6989da5e]" started-at="2024-12-14T12:19:49 IST" name="bt" finished-at="2024-12-14T12:19:49 IST" duration-ms="0" status="PASS">
          <reporter-output>
          </reporter-output>
        </test-method> <!-- bt -->
        <test-method is-config="true" signature="bc()[pri:0, instance:DDT.Create_Campaign@6989da5e]" started-at="2024-12-14T12:19:49 IST" name="bc" finished-at="2024-12-14T12:19:51 IST" duration-ms="1500" status="PASS">
          <reporter-output>
          </reporter-output>
        </test-method> <!-- bc -->
        <test-method is-config="true" signature="bm()[pri:0, instance:DDT.Create_Campaign@6989da5e]" started-at="2024-12-14T12:19:51 IST" name="bm" finished-at="2024-12-14T12:19:54 IST" duration-ms="2922" status="PASS">
          <reporter-output>
          </reporter-output>
        </test-method> <!-- bm -->
        <test-method signature="Create_Campaign()[pri:0, instance:DDT.Create_Campaign@6989da5e]" started-at="2024-12-14T12:19:54 IST" name="Create_Campaign" finished-at="2024-12-14T12:20:01 IST" duration-ms="7620" status="PASS">
          <reporter-output>
          </reporter-output>
        </test-method> <!-- Create_Campaign -->
        <test-method is-config="true" signature="am()[pri:0, instance:DDT.Create_Campaign@6989da5e]" started-at="2024-12-14T12:20:01 IST" name="am" finished-at="2024-12-14T12:20:02 IST" duration-ms="1051" status="PASS">
          <reporter-output>
          </reporter-output>
        </test-method> <!-- am -->
        <test-method is-config="true" signature="ac()[pri:0, instance:DDT.Create_Campaign@6989da5e]" started-at="2024-12-14T12:20:02 IST" name="ac" finished-at="2024-12-14T12:20:03 IST" duration-ms="188" status="PASS">
          <reporter-output>
          </reporter-output>
        </test-method> <!-- ac -->
        <test-method is-config="true" signature="at()[pri:0, instance:DDT.Create_Campaign@6989da5e]" started-at="2024-12-14T12:20:03 IST" name="at" finished-at="2024-12-14T12:20:03 IST" duration-ms="1" status="PASS">
          <reporter-output>
          </reporter-output>
        </test-method> <!-- at -->
        <test-method is-config="true" signature="as()[pri:0, instance:DDT.Create_Campaign@6989da5e]" started-at="2024-12-14T12:20:03 IST" name="as" finished-at="2024-12-14T12:20:03 IST" duration-ms="1" status="PASS">
          <reporter-output>
          </reporter-output>
        </test-method> <!-- as -->
      </class> <!-- DDT.Create_Campaign -->
    </test> <!-- Default test -->
  </suite> <!-- Default suite -->
</testng-results>
