<?xml version="1.0" encoding="UTF-8"?>
<testng-results ignored="0" total="3" passed="3" failed="0" skipped="0">
  <reporter-output>
  </reporter-output>
  <suite started-at="2024-12-25T17:33:28 IST" name="Default suite" finished-at="2024-12-25T17:35:03 IST" duration-ms="94295">
    <groups>
    </groups>
    <test started-at="2024-12-25T17:33:28 IST" name="Default test" finished-at="2024-12-25T17:35:03 IST" duration-ms="94295">
      <class name="TestNG.DataProviderEx_02">
        <test-method signature="createOrganization(java.lang.String,java.lang.String,java.lang.String)[pri:0, instance:TestNG.DataProviderEx_02@38d8f54a]" started-at="2024-12-25T17:33:29 IST" name="createOrganization" data-provider="readData" finished-at="2024-12-25T17:34:28 IST" duration-ms="59948" status="PASS">
          <params>
            <param index="0">
              <value>
                <![CDATA[AAA555]]>
              </value>
            </param>
            <param index="1">
              <value>
                <![CDATA[986546455]]>
              </value>
            </param>
            <param index="2">
              <value>
                <![CDATA[mailto:hgd@gmail.com]]>
              </value>
            </param>
          </params>
          <reporter-output>
          </reporter-output>
        </test-method> <!-- createOrganization -->
        <test-method signature="createOrganization(java.lang.String,java.lang.String,java.lang.String)[pri:0, instance:TestNG.DataProviderEx_02@38d8f54a]" started-at="2024-12-25T17:34:28 IST" name="createOrganization" data-provider="readData" finished-at="2024-12-25T17:34:46 IST" duration-ms="17562" status="PASS">
          <params>
            <param index="0">
              <value>
                <![CDATA[BBB555]]>
              </value>
            </param>
            <param index="1">
              <value>
                <![CDATA[986546455]]>
              </value>
            </param>
            <param index="2">
              <value>
                <![CDATA[mailto:hgd@gmail.com]]>
              </value>
            </param>
          </params>
          <reporter-output>
          </reporter-output>
        </test-method> <!-- createOrganization -->
        <test-method signature="createOrganization(java.lang.String,java.lang.String,java.lang.String)[pri:0, instance:TestNG.DataProviderEx_02@38d8f54a]" started-at="2024-12-25T17:34:46 IST" name="createOrganization" data-provider="readData" finished-at="2024-12-25T17:35:03 IST" duration-ms="16717" status="PASS">
          <params>
            <param index="0">
              <value>
                <![CDATA[CCC555]]>
              </value>
            </param>
            <param index="1">
              <value>
                <![CDATA[986546455]]>
              </value>
            </param>
            <param index="2">
              <value>
                <![CDATA[mailto:hgd@gmail.com]]>
              </value>
            </param>
          </params>
          <reporter-output>
          </reporter-output>
        </test-method> <!-- createOrganization -->
      </class> <!-- TestNG.DataProviderEx_02 -->
    </test> <!-- Default test -->
  </suite> <!-- Default suite -->
</testng-results>
